[1.063s] Invoking command in '/workspace/tb3_nav_demo/src/tb3_waypoint_nav': PYTHONPATH=/workspace/tb3_nav_demo/build/tb3_waypoint_nav/prefix_override:/usr/lib/python3/dist-packages/colcon_core/task/python/colcon_distutils_commands:/workspace/tb3_nav_demo/install/tb3_waypoint_nav/lib/python3.12/site-packages:${PYTHONPATH} /usr/bin/python3 -W ignore:setup.py install is deprecated -W ignore:easy_install command is deprecated setup.py egg_info --egg-base ../../build/tb3_waypoint_nav build --build-base /workspace/tb3_nav_demo/build/tb3_waypoint_nav/build install --record /workspace/tb3_nav_demo/build/tb3_waypoint_nav/install.log --single-version-externally-managed install_data
[1.532s] running egg_info
[1.562s] creating ../../build/tb3_waypoint_nav/tb3_waypoint_nav.egg-info
[1.563s] writing ../../build/tb3_waypoint_nav/tb3_waypoint_nav.egg-info/PKG-INFO
[1.571s] writing dependency_links to ../../build/tb3_waypoint_nav/tb3_waypoint_nav.egg-info/dependency_links.txt
[1.575s] writing entry points to ../../build/tb3_waypoint_nav/tb3_waypoint_nav.egg-info/entry_points.txt
[1.578s] writing requirements to ../../build/tb3_waypoint_nav/tb3_waypoint_nav.egg-info/requires.txt
[1.581s] writing top-level names to ../../build/tb3_waypoint_nav/tb3_waypoint_nav.egg-info/top_level.txt
[1.584s] writing manifest file '../../build/tb3_waypoint_nav/tb3_waypoint_nav.egg-info/SOURCES.txt'
[1.662s] reading manifest file '../../build/tb3_waypoint_nav/tb3_waypoint_nav.egg-info/SOURCES.txt'
[1.675s] writing manifest file '../../build/tb3_waypoint_nav/tb3_waypoint_nav.egg-info/SOURCES.txt'
[1.678s] running build
[1.678s] running build_py
[1.679s] creating /workspace/tb3_nav_demo/build/tb3_waypoint_nav/build/lib/tb3_waypoint_nav
[1.682s] copying tb3_waypoint_nav/waypoint_monitor.py -> /workspace/tb3_nav_demo/build/tb3_waypoint_nav/build/lib/tb3_waypoint_nav
[1.688s] copying tb3_waypoint_nav/waypoint_navigator.py -> /workspace/tb3_nav_demo/build/tb3_waypoint_nav/build/lib/tb3_waypoint_nav
[1.697s] copying tb3_waypoint_nav/__init__.py -> /workspace/tb3_nav_demo/build/tb3_waypoint_nav/build/lib/tb3_waypoint_nav
[1.700s] running install
[1.705s] running install_lib
[1.739s] creating /workspace/tb3_nav_demo/install/tb3_waypoint_nav/lib/python3.12/site-packages/tb3_waypoint_nav
[1.740s] copying /workspace/tb3_nav_demo/build/tb3_waypoint_nav/build/lib/tb3_waypoint_nav/__init__.py -> /workspace/tb3_nav_demo/install/tb3_waypoint_nav/lib/python3.12/site-packages/tb3_waypoint_nav
[1.744s] copying /workspace/tb3_nav_demo/build/tb3_waypoint_nav/build/lib/tb3_waypoint_nav/waypoint_navigator.py -> /workspace/tb3_nav_demo/install/tb3_waypoint_nav/lib/python3.12/site-packages/tb3_waypoint_nav
[1.750s] copying /workspace/tb3_nav_demo/build/tb3_waypoint_nav/build/lib/tb3_waypoint_nav/waypoint_monitor.py -> /workspace/tb3_nav_demo/install/tb3_waypoint_nav/lib/python3.12/site-packages/tb3_waypoint_nav
[1.757s] byte-compiling /workspace/tb3_nav_demo/install/tb3_waypoint_nav/lib/python3.12/site-packages/tb3_waypoint_nav/__init__.py to __init__.cpython-312.pyc
[1.764s] byte-compiling /workspace/tb3_nav_demo/install/tb3_waypoint_nav/lib/python3.12/site-packages/tb3_waypoint_nav/waypoint_navigator.py to waypoint_navigator.cpython-312.pyc
[1.784s] byte-compiling /workspace/tb3_nav_demo/install/tb3_waypoint_nav/lib/python3.12/site-packages/tb3_waypoint_nav/waypoint_monitor.py to waypoint_monitor.cpython-312.pyc
[1.791s] running install_data
[1.795s] creating /workspace/tb3_nav_demo/install/tb3_waypoint_nav/share/ament_index/resource_index/packages
[1.797s] copying resource/tb3_waypoint_nav -> /workspace/tb3_nav_demo/install/tb3_waypoint_nav/share/ament_index/resource_index/packages
[1.801s] copying package.xml -> /workspace/tb3_nav_demo/install/tb3_waypoint_nav/share/tb3_waypoint_nav
[1.809s] creating /workspace/tb3_nav_demo/install/tb3_waypoint_nav/share/tb3_waypoint_nav/launch
[1.811s] copying launch/fake_demo.launch.py -> /workspace/tb3_nav_demo/install/tb3_waypoint_nav/share/tb3_waypoint_nav/launch
[1.816s] copying launch/demo.launch.py -> /workspace/tb3_nav_demo/install/tb3_waypoint_nav/share/tb3_waypoint_nav/launch
[1.823s] creating /workspace/tb3_nav_demo/install/tb3_waypoint_nav/share/tb3_waypoint_nav/config
[1.825s] copying config/waypoints.yaml -> /workspace/tb3_nav_demo/install/tb3_waypoint_nav/share/tb3_waypoint_nav/config
[1.832s] copying config/nav2_params.yaml -> /workspace/tb3_nav_demo/install/tb3_waypoint_nav/share/tb3_waypoint_nav/config
[1.837s] creating /workspace/tb3_nav_demo/install/tb3_waypoint_nav/share/tb3_waypoint_nav/maps
[1.838s] copying maps/tb3_world.yaml -> /workspace/tb3_nav_demo/install/tb3_waypoint_nav/share/tb3_waypoint_nav/maps
[1.845s] copying maps/tb3_world.pgm -> /workspace/tb3_nav_demo/install/tb3_waypoint_nav/share/tb3_waypoint_nav/maps
[1.851s] running install_egg_info
[1.889s] Copying ../../build/tb3_waypoint_nav/tb3_waypoint_nav.egg-info to /workspace/tb3_nav_demo/install/tb3_waypoint_nav/lib/python3.12/site-packages/tb3_waypoint_nav-1.0.0-py3.12.egg-info
[1.953s] running install_scripts
[2.036s] Installing waypoint_monitor script to /workspace/tb3_nav_demo/install/tb3_waypoint_nav/lib/tb3_waypoint_nav
[2.046s] Installing waypoint_navigator script to /workspace/tb3_nav_demo/install/tb3_waypoint_nav/lib/tb3_waypoint_nav
[2.051s] writing list of installed files to '/workspace/tb3_nav_demo/build/tb3_waypoint_nav/install.log'
[2.076s] Invoked command in '/workspace/tb3_nav_demo/src/tb3_waypoint_nav' returned '0': PYTHONPATH=/workspace/tb3_nav_demo/build/tb3_waypoint_nav/prefix_override:/usr/lib/python3/dist-packages/colcon_core/task/python/colcon_distutils_commands:/workspace/tb3_nav_demo/install/tb3_waypoint_nav/lib/python3.12/site-packages:${PYTHONPATH} /usr/bin/python3 -W ignore:setup.py install is deprecated -W ignore:easy_install command is deprecated setup.py egg_info --egg-base ../../build/tb3_waypoint_nav build --build-base /workspace/tb3_nav_demo/build/tb3_waypoint_nav/build install --record /workspace/tb3_nav_demo/build/tb3_waypoint_nav/install.log --single-version-externally-managed install_data
