[1.244s] Invoking command in '/workspace/tb3_nav_demo/src/tb3_waypoint_nav': PYTHONPATH=/workspace/tb3_nav_demo/build/tb3_waypoint_nav/prefix_override:/usr/lib/python3/dist-packages/colcon_core/task/python/colcon_distutils_commands:/workspace/tb3_nav_demo/install/tb3_waypoint_nav/lib/python3.12/site-packages:${PYTHONPATH} /usr/bin/python3 -W ignore:setup.py install is deprecated -W ignore:easy_install command is deprecated setup.py egg_info --egg-base ../../build/tb3_waypoint_nav build --build-base /workspace/tb3_nav_demo/build/tb3_waypoint_nav/build install --record /workspace/tb3_nav_demo/build/tb3_waypoint_nav/install.log --single-version-externally-managed install_data
[1.846s] running egg_info
[1.886s] writing ../../build/tb3_waypoint_nav/tb3_waypoint_nav.egg-info/PKG-INFO
[1.892s] writing dependency_links to ../../build/tb3_waypoint_nav/tb3_waypoint_nav.egg-info/dependency_links.txt
[1.897s] writing entry points to ../../build/tb3_waypoint_nav/tb3_waypoint_nav.egg-info/entry_points.txt
[1.901s] writing requirements to ../../build/tb3_waypoint_nav/tb3_waypoint_nav.egg-info/requires.txt
[1.905s] writing top-level names to ../../build/tb3_waypoint_nav/tb3_waypoint_nav.egg-info/top_level.txt
[2.007s] reading manifest file '../../build/tb3_waypoint_nav/tb3_waypoint_nav.egg-info/SOURCES.txt'
[2.025s] writing manifest file '../../build/tb3_waypoint_nav/tb3_waypoint_nav.egg-info/SOURCES.txt'
[2.029s] running build
[2.029s] running build_py
[2.036s] running install
[2.041s] running install_lib
[2.088s] running install_data
[2.093s] copying launch/loopback_demo.launch.py -> /workspace/tb3_nav_demo/install/tb3_waypoint_nav/share/tb3_waypoint_nav/launch
[2.107s] running install_egg_info
[2.145s] removing '/workspace/tb3_nav_demo/install/tb3_waypoint_nav/lib/python3.12/site-packages/tb3_waypoint_nav-1.0.0-py3.12.egg-info' (and everything under it)
[2.150s] Copying ../../build/tb3_waypoint_nav/tb3_waypoint_nav.egg-info to /workspace/tb3_nav_demo/install/tb3_waypoint_nav/lib/python3.12/site-packages/tb3_waypoint_nav-1.0.0-py3.12.egg-info
[2.202s] running install_scripts
[2.285s] Installing waypoint_monitor script to /workspace/tb3_nav_demo/install/tb3_waypoint_nav/lib/tb3_waypoint_nav
[2.289s] Installing waypoint_navigator script to /workspace/tb3_nav_demo/install/tb3_waypoint_nav/lib/tb3_waypoint_nav
[2.295s] writing list of installed files to '/workspace/tb3_nav_demo/build/tb3_waypoint_nav/install.log'
[2.323s] Invoked command in '/workspace/tb3_nav_demo/src/tb3_waypoint_nav' returned '0': PYTHONPATH=/workspace/tb3_nav_demo/build/tb3_waypoint_nav/prefix_override:/usr/lib/python3/dist-packages/colcon_core/task/python/colcon_distutils_commands:/workspace/tb3_nav_demo/install/tb3_waypoint_nav/lib/python3.12/site-packages:${PYTHONPATH} /usr/bin/python3 -W ignore:setup.py install is deprecated -W ignore:easy_install command is deprecated setup.py egg_info --egg-base ../../build/tb3_waypoint_nav build --build-base /workspace/tb3_nav_demo/build/tb3_waypoint_nav/build install --record /workspace/tb3_nav_demo/build/tb3_waypoint_nav/install.log --single-version-externally-managed install_data
