/workspace/tb3_nav_demo/install/tb3_waypoint_nav/lib/python3.12/site-packages/tb3_waypoint_nav/robot_sim.py
/workspace/tb3_nav_demo/install/tb3_waypoint_nav/lib/python3.12/site-packages/tb3_waypoint_nav/waypoint_monitor.py
/workspace/tb3_nav_demo/install/tb3_waypoint_nav/lib/python3.12/site-packages/tb3_waypoint_nav/waypoint_navigator.py
/workspace/tb3_nav_demo/install/tb3_waypoint_nav/lib/python3.12/site-packages/tb3_waypoint_nav/__init__.py
/workspace/tb3_nav_demo/install/tb3_waypoint_nav/lib/python3.12/site-packages/tb3_waypoint_nav/__pycache__/robot_sim.cpython-312.pyc
/workspace/tb3_nav_demo/install/tb3_waypoint_nav/lib/python3.12/site-packages/tb3_waypoint_nav/__pycache__/waypoint_monitor.cpython-312.pyc
/workspace/tb3_nav_demo/install/tb3_waypoint_nav/lib/python3.12/site-packages/tb3_waypoint_nav/__pycache__/waypoint_navigator.cpython-312.pyc
/workspace/tb3_nav_demo/install/tb3_waypoint_nav/lib/python3.12/site-packages/tb3_waypoint_nav/__pycache__/__init__.cpython-312.pyc
/workspace/tb3_nav_demo/install/tb3_waypoint_nav/share/ament_index/resource_index/packages/tb3_waypoint_nav
/workspace/tb3_nav_demo/install/tb3_waypoint_nav/share/tb3_waypoint_nav/package.xml
/workspace/tb3_nav_demo/install/tb3_waypoint_nav/share/tb3_waypoint_nav/launch/loopback_demo.launch.py
/workspace/tb3_nav_demo/install/tb3_waypoint_nav/share/tb3_waypoint_nav/launch/fake_demo.launch.py
/workspace/tb3_nav_demo/install/tb3_waypoint_nav/share/tb3_waypoint_nav/launch/demo.launch.py
/workspace/tb3_nav_demo/install/tb3_waypoint_nav/share/tb3_waypoint_nav/config/nav2_params_loopback.yaml
/workspace/tb3_nav_demo/install/tb3_waypoint_nav/share/tb3_waypoint_nav/config/waypoints.yaml
/workspace/tb3_nav_demo/install/tb3_waypoint_nav/share/tb3_waypoint_nav/config/nav2_params.yaml
/workspace/tb3_nav_demo/install/tb3_waypoint_nav/share/tb3_waypoint_nav/maps/tb3_world.yaml
/workspace/tb3_nav_demo/install/tb3_waypoint_nav/share/tb3_waypoint_nav/maps/tb3_world.pgm
/workspace/tb3_nav_demo/install/tb3_waypoint_nav/lib/python3.12/site-packages/tb3_waypoint_nav-1.0.0-py3.12.egg-info/PKG-INFO
/workspace/tb3_nav_demo/install/tb3_waypoint_nav/lib/python3.12/site-packages/tb3_waypoint_nav-1.0.0-py3.12.egg-info/SOURCES.txt
/workspace/tb3_nav_demo/install/tb3_waypoint_nav/lib/python3.12/site-packages/tb3_waypoint_nav-1.0.0-py3.12.egg-info/top_level.txt
/workspace/tb3_nav_demo/install/tb3_waypoint_nav/lib/python3.12/site-packages/tb3_waypoint_nav-1.0.0-py3.12.egg-info/requires.txt
/workspace/tb3_nav_demo/install/tb3_waypoint_nav/lib/python3.12/site-packages/tb3_waypoint_nav-1.0.0-py3.12.egg-info/entry_points.txt
/workspace/tb3_nav_demo/install/tb3_waypoint_nav/lib/python3.12/site-packages/tb3_waypoint_nav-1.0.0-py3.12.egg-info/dependency_links.txt
/workspace/tb3_nav_demo/install/tb3_waypoint_nav/lib/python3.12/site-packages/tb3_waypoint_nav-1.0.0-py3.12.egg-info/zip-safe
/workspace/tb3_nav_demo/install/tb3_waypoint_nav/lib/tb3_waypoint_nav/robot_sim
/workspace/tb3_nav_demo/install/tb3_waypoint_nav/lib/tb3_waypoint_nav/waypoint_monitor
/workspace/tb3_nav_demo/install/tb3_waypoint_nav/lib/tb3_waypoint_nav/waypoint_navigator
