[1.273s] Invoking command in '/workspace/tb3_nav_demo/src/tb3_waypoint_nav': PYTHONPATH=/workspace/tb3_nav_demo/build/tb3_waypoint_nav/prefix_override:/usr/lib/python3/dist-packages/colcon_core/task/python/colcon_distutils_commands:/workspace/tb3_nav_demo/install/tb3_waypoint_nav/lib/python3.12/site-packages:${PYTHONPATH} /usr/bin/python3 -W ignore:setup.py install is deprecated -W ignore:easy_install command is deprecated setup.py egg_info --egg-base ../../build/tb3_waypoint_nav build --build-base /workspace/tb3_nav_demo/build/tb3_waypoint_nav/build install --record /workspace/tb3_nav_demo/build/tb3_waypoint_nav/install.log --single-version-externally-managed install_data
[1.778s] running egg_info
[1.814s] writing ../../build/tb3_waypoint_nav/tb3_waypoint_nav.egg-info/PKG-INFO
[1.822s] writing dependency_links to ../../build/tb3_waypoint_nav/tb3_waypoint_nav.egg-info/dependency_links.txt
[1.826s] writing entry points to ../../build/tb3_waypoint_nav/tb3_waypoint_nav.egg-info/entry_points.txt
[1.830s] writing requirements to ../../build/tb3_waypoint_nav/tb3_waypoint_nav.egg-info/requires.txt
[1.834s] writing top-level names to ../../build/tb3_waypoint_nav/tb3_waypoint_nav.egg-info/top_level.txt
[1.932s] reading manifest file '../../build/tb3_waypoint_nav/tb3_waypoint_nav.egg-info/SOURCES.txt'
[1.951s] writing manifest file '../../build/tb3_waypoint_nav/tb3_waypoint_nav.egg-info/SOURCES.txt'
[1.955s] running build
[1.955s] running build_py
[1.962s] running install
[1.968s] running install_lib
[2.015s] running install_data
[2.024s] copying launch/loopback_demo.launch.py -> /workspace/tb3_nav_demo/install/tb3_waypoint_nav/share/tb3_waypoint_nav/launch
[2.035s] copying config/nav2_params_loopback.yaml -> /workspace/tb3_nav_demo/install/tb3_waypoint_nav/share/tb3_waypoint_nav/config
[2.047s] running install_egg_info
[2.083s] removing '/workspace/tb3_nav_demo/install/tb3_waypoint_nav/lib/python3.12/site-packages/tb3_waypoint_nav-1.0.0-py3.12.egg-info' (and everything under it)
[2.089s] Copying ../../build/tb3_waypoint_nav/tb3_waypoint_nav.egg-info to /workspace/tb3_nav_demo/install/tb3_waypoint_nav/lib/python3.12/site-packages/tb3_waypoint_nav-1.0.0-py3.12.egg-info
[2.139s] running install_scripts
[2.227s] Installing waypoint_monitor script to /workspace/tb3_nav_demo/install/tb3_waypoint_nav/lib/tb3_waypoint_nav
[2.231s] Installing waypoint_navigator script to /workspace/tb3_nav_demo/install/tb3_waypoint_nav/lib/tb3_waypoint_nav
[2.238s] writing list of installed files to '/workspace/tb3_nav_demo/build/tb3_waypoint_nav/install.log'
[2.263s] Invoked command in '/workspace/tb3_nav_demo/src/tb3_waypoint_nav' returned '0': PYTHONPATH=/workspace/tb3_nav_demo/build/tb3_waypoint_nav/prefix_override:/usr/lib/python3/dist-packages/colcon_core/task/python/colcon_distutils_commands:/workspace/tb3_nav_demo/install/tb3_waypoint_nav/lib/python3.12/site-packages:${PYTHONPATH} /usr/bin/python3 -W ignore:setup.py install is deprecated -W ignore:easy_install command is deprecated setup.py egg_info --egg-base ../../build/tb3_waypoint_nav build --build-base /workspace/tb3_nav_demo/build/tb3_waypoint_nav/build install --record /workspace/tb3_nav_demo/build/tb3_waypoint_nav/install.log --single-version-externally-managed install_data
